Took 13.5463 milliseconds to read file
Took 354.141 milliseconds to instantiate cache array of shape 3810, 3810, 7
Took 69.5357 milliseconds to fill cache file
	Using feature set 2 3 4 5 6 7 ...
		Accuracy was 88.6614%
	Using feature set 1 3 4 5 6 7 ...
		Accuracy was 88.6089%
	Using feature set 1 2 4 5 6 7 ...
		Accuracy was 88.7664%
	Using feature set 1 2 3 5 6 7 ...
		Accuracy was 88.7402%
	Using feature set 1 2 3 4 6 7 ...
		Accuracy was 88.6352%
	Using feature set 1 2 3 4 5 7 ...
		Accuracy was 89.0814%
	Using feature set 1 2 3 4 5 6 ...
		Accuracy was 89.5801%
Best feature set so far: 1 2 3 4 5 6 with accuracy 89.5801%
	Using feature set 2 3 4 5 6 ...
		Accuracy was 88.8976%
	Using feature set 1 3 4 5 6 ...
		Accuracy was 89.4226%
	Using feature set 1 2 4 5 6 ...
		Accuracy was 89.685%
	Using feature set 1 2 3 5 6 ...
		Accuracy was 89.5801%
	Using feature set 1 2 3 4 6 ...
		Accuracy was 89.6063%
	Using feature set 1 2 3 4 5 ...
		Accuracy was 89.2651%
Best feature set so far: 1 2 4 5 6 with accuracy 89.685%
	Using feature set 2 4 5 6 ...
		Accuracy was 88.9501%
	Using feature set 1 4 5 6 ...
		Accuracy was 89.1601%
	Using feature set 1 2 5 6 ...
		Accuracy was 89.4226%
	Using feature set 1 2 4 6 ...
		Accuracy was 89.0814%
	Using feature set 1 2 4 5 ...
		Accuracy was 89.6063%
Best feature set this batch: 1 2 4 5 with accuracy 89.6063% instead of 89.685%
WARNING: accuracy has decreased. Continuing for completeness
	Using feature set 2 4 5 ...
		Accuracy was 89.0814%
	Using feature set 1 4 5 ...
		Accuracy was 88.9501%
	Using feature set 1 2 5 ...
		Accuracy was 89.5538%
	Using feature set 1 2 4 ...
		Accuracy was 89.0289%
Best feature set this batch: 1 2 5 with accuracy 89.5538% instead of 89.685%
WARNING: accuracy has decreased. Continuing for completeness
	Using feature set 2 5 ...
		Accuracy was 89.2913%
	Using feature set 1 5 ...
		Accuracy was 88.6877%
	Using feature set 1 2 ...
		Accuracy was 88.3465%
Best feature set this batch: 2 5 with accuracy 89.2913% instead of 89.685%
WARNING: accuracy has decreased. Continuing for completeness
	Using feature set 5 ...
		Accuracy was 69.0289%
	Using feature set 2 ...
		Accuracy was 87.9003%
Best feature set this batch: 2 with accuracy 87.9003% instead of 89.685%
WARNING: accuracy has decreased. Continuing for completeness
	Using feature set ...
		Accuracy was 42.7822%
Best feature set this batch: with accuracy 42.7822% instead of 89.685%
WARNING: accuracy has decreased. Continuing for completeness
Final feature set: 1 2 4 5 6 with accuracy 89.685%
Took 7804.24 milliseconds to run backward search
