Took 12.7841 milliseconds to read file
Took 323.705 milliseconds to instantiate cache array of shape 3810, 3810, 7
Took 42.4831 milliseconds to fill cache file
	Using feature set 1 ...
		Accuracy was 80.1575%
	Using feature set 2 ...
		Accuracy was 87.9003%
	Using feature set 3 ...
		Accuracy was 88.6614%
	Using feature set 4 ...
		Accuracy was 58.2152%
	Using feature set 5 ...
		Accuracy was 69.0289%
	Using feature set 6 ...
		Accuracy was 82.8346%
	Using feature set 7 ...
		Accuracy was 55.9055%
Best feature set so far: 3 with accuracy 88.6614%
	Using feature set 1 3 ...
		Accuracy was 87.9003%
	Using feature set 2 3 ...
		Accuracy was 89.1601%
	Using feature set 3 4 ...
		Accuracy was 88.9501%
	Using feature set 3 5 ...
		Accuracy was 88.6614%
	Using feature set 3 6 ...
		Accuracy was 88.4777%
	Using feature set 3 7 ...
		Accuracy was 88.8976%
Best feature set so far: 2 3 with accuracy 89.1601%
	Using feature set 1 2 3 ...
		Accuracy was 89.5013%
	Using feature set 2 3 4 ...
		Accuracy was 88.7402%
	Using feature set 2 3 5 ...
		Accuracy was 88.9501%
	Using feature set 2 3 6 ...
		Accuracy was 89.1339%
	Using feature set 2 3 7 ...
		Accuracy was 88.7402%
Best feature set so far: 1 2 3 with accuracy 89.5013%
	Using feature set 1 2 3 4 ...
		Accuracy was 89.4226%
	Using feature set 1 2 3 5 ...
		Accuracy was 89.2388%
	Using feature set 1 2 3 6 ...
		Accuracy was 89.3963%
	Using feature set 1 2 3 7 ...
		Accuracy was 89.1339%
Best feature set this batch: 1 2 3 4 with accuracy 89.4226% instead of 89.5013%
WARNING: accuracy has decreased. Continuing for completeness
	Using feature set 1 2 3 4 5 ...
		Accuracy was 89.2651%
	Using feature set 1 2 3 4 6 ...
		Accuracy was 89.6063%
	Using feature set 1 2 3 4 7 ...
		Accuracy was 88.6877%
Best feature set so far: 1 2 3 4 6 with accuracy 89.6063%
	Using feature set 1 2 3 4 5 6 ...
		Accuracy was 89.5801%
	Using feature set 1 2 3 4 6 7 ...
		Accuracy was 88.6352%
Best feature set this batch: 1 2 3 4 5 6 with accuracy 89.5801% instead of 89.6063%
WARNING: accuracy has decreased. Continuing for completeness
	Using feature set 1 2 3 4 5 6 7 ...
		Accuracy was 88.6614%
Best feature set this batch: 1 2 3 4 5 6 7 with accuracy 88.6614% instead of 89.6063%
WARNING: accuracy has decreased. Continuing for completeness
Final feature set: 1 2 3 4 6 with accuracy 89.6063%
Took 6139.03 milliseconds to run forward search
