Took 0.76148 milliseconds to read file
Took 10.2984 milliseconds to instantiate cache array of shape 500, 500, 12
Took 1.31703 milliseconds to fill cache file
0.664
	Using feature set 1 ...
		Accuracy was 67.2%
	Using feature set 2 ...
		Accuracy was 63.6%
	Using feature set 3 ...
		Accuracy was 65%
	Using feature set 4 ...
		Accuracy was 65.6%
	Using feature set 5 ...
		Accuracy was 64.2%
	Using feature set 6 ...
		Accuracy was 84%
	Using feature set 7 ...
		Accuracy was 65.4%
	Using feature set 8 ...
		Accuracy was 66.8%
	Using feature set 9 ...
		Accuracy was 74.2%
	Using feature set 10 ...
		Accuracy was 65.6%
	Using feature set 11 ...
		Accuracy was 65.8%
	Using feature set 12 ...
		Accuracy was 66.4%
Best feature set so far: 6 with accuracy 84%
	Using feature set 1 6 ...
		Accuracy was 82.8%
	Using feature set 2 6 ...
		Accuracy was 82.2%
	Using feature set 3 6 ...
		Accuracy was 81.6%
	Using feature set 4 6 ...
		Accuracy was 82.2%
	Using feature set 5 6 ...
		Accuracy was 83.6%
	Using feature set 6 7 ...
		Accuracy was 80.8%
	Using feature set 6 8 ...
		Accuracy was 80.8%
	Using feature set 6 9 ...
		Accuracy was 95%
	Using feature set 6 10 ...
		Accuracy was 81.2%
	Using feature set 6 11 ...
		Accuracy was 85.8%
	Using feature set 6 12 ...
		Accuracy was 81.4%
Best feature set so far: 6 9 with accuracy 95%
	Using feature set 1 6 9 ...
		Accuracy was 91.4%
	Using feature set 2 6 9 ...
		Accuracy was 92.4%
	Using feature set 3 6 9 ...
		Accuracy was 91.8%
	Using feature set 4 6 9 ...
		Accuracy was 92.8%
	Using feature set 5 6 9 ...
		Accuracy was 92.6%
	Using feature set 6 7 9 ...
		Accuracy was 92.8%
	Using feature set 6 8 9 ...
		Accuracy was 92.8%
	Using feature set 6 9 10 ...
		Accuracy was 92.2%
	Using feature set 6 9 11 ...
		Accuracy was 94.6%
	Using feature set 6 9 12 ...
		Accuracy was 91.6%
Best feature set this batch: 6 9 11 with accuracy 94.6% instead of 95%
WARNING: accuracy has decreased. Continuing for completeness
	Using feature set 1 6 9 11 ...
		Accuracy was 87.6%
	Using feature set 2 6 9 11 ...
		Accuracy was 91.2%
	Using feature set 3 6 9 11 ...
		Accuracy was 88.8%
	Using feature set 4 6 9 11 ...
		Accuracy was 89.6%
	Using feature set 5 6 9 11 ...
		Accuracy was 91%
	Using feature set 6 7 9 11 ...
		Accuracy was 88.4%
	Using feature set 6 8 9 11 ...
		Accuracy was 90.8%
	Using feature set 6 9 10 11 ...
		Accuracy was 92%
	Using feature set 6 9 11 12 ...
		Accuracy was 87.4%
Best feature set this batch: 6 9 10 11 with accuracy 92% instead of 95%
WARNING: accuracy has decreased. Continuing for completeness
	Using feature set 1 6 9 10 11 ...
		Accuracy was 86%
	Using feature set 2 6 9 10 11 ...
		Accuracy was 86.2%
	Using feature set 3 6 9 10 11 ...
		Accuracy was 86%
	Using feature set 4 6 9 10 11 ...
		Accuracy was 84.8%
	Using feature set 5 6 9 10 11 ...
		Accuracy was 84.8%
	Using feature set 6 7 9 10 11 ...
		Accuracy was 83.4%
	Using feature set 6 8 9 10 11 ...
		Accuracy was 84.4%
	Using feature set 6 9 10 11 12 ...
		Accuracy was 82.2%
Best feature set this batch: 2 6 9 10 11 with accuracy 86.2% instead of 95%
WARNING: accuracy has decreased. Continuing for completeness
	Using feature set 1 2 6 9 10 11 ...
		Accuracy was 85.4%
	Using feature set 2 3 6 9 10 11 ...
		Accuracy was 82.4%
	Using feature set 2 4 6 9 10 11 ...
		Accuracy was 80.4%
	Using feature set 2 5 6 9 10 11 ...
		Accuracy was 82.6%
	Using feature set 2 6 7 9 10 11 ...
		Accuracy was 79.8%
	Using feature set 2 6 8 9 10 11 ...
		Accuracy was 81.2%
	Using feature set 2 6 9 10 11 12 ...
		Accuracy was 80.2%
Best feature set this batch: 1 2 6 9 10 11 with accuracy 85.4% instead of 95%
WARNING: accuracy has decreased. Continuing for completeness
	Using feature set 1 2 3 6 9 10 11 ...
		Accuracy was 79.8%
	Using feature set 1 2 4 6 9 10 11 ...
		Accuracy was 78.4%
	Using feature set 1 2 5 6 9 10 11 ...
		Accuracy was 79.6%
	Using feature set 1 2 6 7 9 10 11 ...
		Accuracy was 80.4%
	Using feature set 1 2 6 8 9 10 11 ...
		Accuracy was 81%
	Using feature set 1 2 6 9 10 11 12 ...
		Accuracy was 80.2%
Best feature set this batch: 1 2 6 8 9 10 11 with accuracy 81% instead of 95%
WARNING: accuracy has decreased. Continuing for completeness
	Using feature set 1 2 3 6 8 9 10 11 ...
		Accuracy was 77.8%
	Using feature set 1 2 4 6 8 9 10 11 ...
		Accuracy was 77.8%
	Using feature set 1 2 5 6 8 9 10 11 ...
		Accuracy was 78%
	Using feature set 1 2 6 7 8 9 10 11 ...
		Accuracy was 76.4%
	Using feature set 1 2 6 8 9 10 11 12 ...
		Accuracy was 78%
Best feature set this batch: 1 2 5 6 8 9 10 11 with accuracy 78% instead of 95%
WARNING: accuracy has decreased. Continuing for completeness
	Using feature set 1 2 3 5 6 8 9 10 11 ...
		Accuracy was 75.8%
	Using feature set 1 2 4 5 6 8 9 10 11 ...
		Accuracy was 77%
	Using feature set 1 2 5 6 7 8 9 10 11 ...
		Accuracy was 73.4%
	Using feature set 1 2 5 6 8 9 10 11 12 ...
		Accuracy was 77.2%
Best feature set this batch: 1 2 5 6 8 9 10 11 12 with accuracy 77.2% instead of 95%
WARNING: accuracy has decreased. Continuing for completeness
	Using feature set 1 2 3 5 6 8 9 10 11 12 ...
		Accuracy was 74%
	Using feature set 1 2 4 5 6 8 9 10 11 12 ...
		Accuracy was 73.6%
	Using feature set 1 2 5 6 7 8 9 10 11 12 ...
		Accuracy was 74.4%
Best feature set this batch: 1 2 5 6 7 8 9 10 11 12 with accuracy 74.4% instead of 95%
WARNING: accuracy has decreased. Continuing for completeness
	Using feature set 1 2 3 5 6 7 8 9 10 11 12 ...
		Accuracy was 75.2%
	Using feature set 1 2 4 5 6 7 8 9 10 11 12 ...
		Accuracy was 73%
Best feature set this batch: 1 2 3 5 6 7 8 9 10 11 12 with accuracy 75.2% instead of 95%
WARNING: accuracy has decreased. Continuing for completeness
	Using feature set 1 2 3 4 5 6 7 8 9 10 11 12 ...
		Accuracy was 75%
Best feature set this batch: 1 2 3 4 5 6 7 8 9 10 11 12 with accuracy 75% instead of 95%
WARNING: accuracy has decreased. Continuing for completeness
Final feature set: 6 9 with accuracy 95%
