Took 1.89167 milliseconds to read file
Took 6.15458 milliseconds to instantiate cache array of shape 500, 500, 12
Took 1.23579 milliseconds to fill cache file
Default rate: 0.81
	Using feature set 1 ...
		Accuracy was 68%
	Using feature set 2 ...
		Accuracy was 70.6%
	Using feature set 3 ...
		Accuracy was 68.8%
	Using feature set 4 ...
		Accuracy was 73%
	Using feature set 5 ...
		Accuracy was 66.6%
	Using feature set 6 ...
		Accuracy was 68.4%
	Using feature set 7 ...
		Accuracy was 69%
	Using feature set 8 ...
		Accuracy was 83.2%
	Using feature set 9 ...
		Accuracy was 68.6%
	Using feature set 10 ...
		Accuracy was 67.6%
	Using feature set 11 ...
		Accuracy was 70.2%
	Using feature set 12 ...
		Accuracy was 70.4%
Best feature set so far: 8 with accuracy 83.2%
	Using feature set 1 8 ...
		Accuracy was 83.4%
	Using feature set 2 8 ...
		Accuracy was 84.2%
	Using feature set 3 8 ...
		Accuracy was 84.8%
	Using feature set 4 8 ...
		Accuracy was 94.6%
	Using feature set 5 8 ...
		Accuracy was 84.6%
	Using feature set 6 8 ...
		Accuracy was 84.2%
	Using feature set 7 8 ...
		Accuracy was 84%
	Using feature set 8 9 ...
		Accuracy was 82.6%
	Using feature set 8 10 ...
		Accuracy was 81.8%
	Using feature set 8 11 ...
		Accuracy was 81.8%
	Using feature set 8 12 ...
		Accuracy was 83.2%
Best feature set so far: 4 8 with accuracy 94.6%
	Using feature set 1 4 8 ...
		Accuracy was 90.2%
	Using feature set 2 4 8 ...
		Accuracy was 90.8%
	Using feature set 3 4 8 ...
		Accuracy was 92.8%
	Using feature set 4 5 8 ...
		Accuracy was 91.8%
	Using feature set 4 6 8 ...
		Accuracy was 93.4%
	Using feature set 4 7 8 ...
		Accuracy was 91%
	Using feature set 4 8 9 ...
		Accuracy was 92%
	Using feature set 4 8 10 ...
		Accuracy was 90.8%
	Using feature set 4 8 11 ...
		Accuracy was 93%
	Using feature set 4 8 12 ...
		Accuracy was 91.6%
Best feature set this batch: 4 6 8 with accuracy 93.4% instead of 94.6%
WARNING: accuracy has decreased. Continuing for completeness
	Using feature set 1 4 6 8 ...
		Accuracy was 87.4%
	Using feature set 2 4 6 8 ...
		Accuracy was 89.4%
	Using feature set 3 4 6 8 ...
		Accuracy was 89.2%
	Using feature set 4 5 6 8 ...
		Accuracy was 87%
	Using feature set 4 6 7 8 ...
		Accuracy was 87.8%
	Using feature set 4 6 8 9 ...
		Accuracy was 90.8%
	Using feature set 4 6 8 10 ...
		Accuracy was 88.4%
	Using feature set 4 6 8 11 ...
		Accuracy was 88.2%
	Using feature set 4 6 8 12 ...
		Accuracy was 90.2%
Best feature set this batch: 4 6 8 9 with accuracy 90.8% instead of 94.6%
WARNING: accuracy has decreased. Continuing for completeness
	Using feature set 1 4 6 8 9 ...
		Accuracy was 85%
	Using feature set 2 4 6 8 9 ...
		Accuracy was 85.2%
	Using feature set 3 4 6 8 9 ...
		Accuracy was 87.8%
	Using feature set 4 5 6 8 9 ...
		Accuracy was 86.8%
	Using feature set 4 6 7 8 9 ...
		Accuracy was 87%
	Using feature set 4 6 8 9 10 ...
		Accuracy was 86.2%
	Using feature set 4 6 8 9 11 ...
		Accuracy was 84.8%
	Using feature set 4 6 8 9 12 ...
		Accuracy was 87.8%
Best feature set this batch: 3 4 6 8 9 with accuracy 87.8% instead of 94.6%
WARNING: accuracy has decreased. Continuing for completeness
	Using feature set 1 3 4 6 8 9 ...
		Accuracy was 82%
	Using feature set 2 3 4 6 8 9 ...
		Accuracy was 83.2%
	Using feature set 3 4 5 6 8 9 ...
		Accuracy was 84.6%
	Using feature set 3 4 6 7 8 9 ...
		Accuracy was 83%
	Using feature set 3 4 6 8 9 10 ...
		Accuracy was 83.4%
	Using feature set 3 4 6 8 9 11 ...
		Accuracy was 84%
	Using feature set 3 4 6 8 9 12 ...
		Accuracy was 83.4%
Best feature set this batch: 3 4 5 6 8 9 with accuracy 84.6% instead of 94.6%
WARNING: accuracy has decreased. Continuing for completeness
	Using feature set 1 3 4 5 6 8 9 ...
		Accuracy was 80.6%
	Using feature set 2 3 4 5 6 8 9 ...
		Accuracy was 79.8%
	Using feature set 3 4 5 6 7 8 9 ...
		Accuracy was 79.8%
	Using feature set 3 4 5 6 8 9 10 ...
		Accuracy was 81.4%
	Using feature set 3 4 5 6 8 9 11 ...
		Accuracy was 79.6%
	Using feature set 3 4 5 6 8 9 12 ...
		Accuracy was 81.8%
Best feature set this batch: 3 4 5 6 8 9 12 with accuracy 81.8% instead of 94.6%
WARNING: accuracy has decreased. Continuing for completeness
	Using feature set 1 3 4 5 6 8 9 12 ...
		Accuracy was 79.2%
	Using feature set 2 3 4 5 6 8 9 12 ...
		Accuracy was 76%
	Using feature set 3 4 5 6 7 8 9 12 ...
		Accuracy was 78.4%
	Using feature set 3 4 5 6 8 9 10 12 ...
		Accuracy was 77.2%
	Using feature set 3 4 5 6 8 9 11 12 ...
		Accuracy was 77.6%
Best feature set this batch: 1 3 4 5 6 8 9 12 with accuracy 79.2% instead of 94.6%
WARNING: accuracy has decreased. Continuing for completeness
	Using feature set 1 2 3 4 5 6 8 9 12 ...
		Accuracy was 76%
	Using feature set 1 3 4 5 6 7 8 9 12 ...
		Accuracy was 77.6%
	Using feature set 1 3 4 5 6 8 9 10 12 ...
		Accuracy was 74.8%
	Using feature set 1 3 4 5 6 8 9 11 12 ...
		Accuracy was 77%
Best feature set this batch: 1 3 4 5 6 7 8 9 12 with accuracy 77.6% instead of 94.6%
WARNING: accuracy has decreased. Continuing for completeness
	Using feature set 1 2 3 4 5 6 7 8 9 12 ...
		Accuracy was 78.4%
	Using feature set 1 3 4 5 6 7 8 9 10 12 ...
		Accuracy was 75.8%
	Using feature set 1 3 4 5 6 7 8 9 11 12 ...
		Accuracy was 76%
Best feature set this batch: 1 2 3 4 5 6 7 8 9 12 with accuracy 78.4% instead of 94.6%
WARNING: accuracy has decreased. Continuing for completeness
	Using feature set 1 2 3 4 5 6 7 8 9 10 12 ...
		Accuracy was 75.2%
	Using feature set 1 2 3 4 5 6 7 8 9 11 12 ...
		Accuracy was 74.6%
Best feature set this batch: 1 2 3 4 5 6 7 8 9 10 12 with accuracy 75.2% instead of 94.6%
WARNING: accuracy has decreased. Continuing for completeness
	Using feature set 1 2 3 4 5 6 7 8 9 10 11 12 ...
		Accuracy was 75.2%
Best feature set this batch: 1 2 3 4 5 6 7 8 9 10 11 12 with accuracy 75.2% instead of 94.6%
WARNING: accuracy has decreased. Continuing for completeness
Final feature set: 4 8 with accuracy 94.6%
Took 179.113 milliseconds to run forward search
