Took 1.79542 milliseconds to read file
Took 6.09921 milliseconds to instantiate cache array of shape 500, 500, 12
Took 1.15583 milliseconds to fill cache file
	Using feature set 2 3 4 5 6 7 8 9 10 11 12 ...
		Accuracy was 73.4%
	Using feature set 1 3 4 5 6 7 8 9 10 11 12 ...
		Accuracy was 70.8%
	Using feature set 1 2 4 5 6 7 8 9 10 11 12 ...
		Accuracy was 73%
	Using feature set 1 2 3 5 6 7 8 9 10 11 12 ...
		Accuracy was 75.2%
	Using feature set 1 2 3 4 6 7 8 9 10 11 12 ...
		Accuracy was 72.6%
	Using feature set 1 2 3 4 5 7 8 9 10 11 12 ...
		Accuracy was 67.2%
	Using feature set 1 2 3 4 5 6 8 9 10 11 12 ...
		Accuracy was 71.4%
	Using feature set 1 2 3 4 5 6 7 9 10 11 12 ...
		Accuracy was 73.4%
	Using feature set 1 2 3 4 5 6 7 8 10 11 12 ...
		Accuracy was 70.2%
	Using feature set 1 2 3 4 5 6 7 8 9 11 12 ...
		Accuracy was 73.6%
	Using feature set 1 2 3 4 5 6 7 8 9 10 12 ...
		Accuracy was 75.8%
	Using feature set 1 2 3 4 5 6 7 8 9 10 11 ...
		Accuracy was 75%
Best feature set so far: 1 2 3 4 5 6 7 8 9 10 12 with accuracy 75.8%
	Using feature set 2 3 4 5 6 7 8 9 10 12 ...
		Accuracy was 76%
	Using feature set 1 3 4 5 6 7 8 9 10 12 ...
		Accuracy was 73.4%
	Using feature set 1 2 4 5 6 7 8 9 10 12 ...
		Accuracy was 76.6%
	Using feature set 1 2 3 5 6 7 8 9 10 12 ...
		Accuracy was 77.4%
	Using feature set 1 2 3 4 6 7 8 9 10 12 ...
		Accuracy was 78.4%
	Using feature set 1 2 3 4 5 7 8 9 10 12 ...
		Accuracy was 70%
	Using feature set 1 2 3 4 5 6 8 9 10 12 ...
		Accuracy was 74.6%
	Using feature set 1 2 3 4 5 6 7 9 10 12 ...
		Accuracy was 76.8%
	Using feature set 1 2 3 4 5 6 7 8 10 12 ...
		Accuracy was 71%
	Using feature set 1 2 3 4 5 6 7 8 9 12 ...
		Accuracy was 76.2%
	Using feature set 1 2 3 4 5 6 7 8 9 10 ...
		Accuracy was 77%
Best feature set so far: 1 2 3 4 6 7 8 9 10 12 with accuracy 78.4%
	Using feature set 2 3 4 6 7 8 9 10 12 ...
		Accuracy was 74.4%
	Using feature set 1 3 4 6 7 8 9 10 12 ...
		Accuracy was 77%
	Using feature set 1 2 4 6 7 8 9 10 12 ...
		Accuracy was 77.8%
	Using feature set 1 2 3 6 7 8 9 10 12 ...
		Accuracy was 78.4%
	Using feature set 1 2 3 4 7 8 9 10 12 ...
		Accuracy was 69.8%
	Using feature set 1 2 3 4 6 8 9 10 12 ...
		Accuracy was 76%
	Using feature set 1 2 3 4 6 7 9 10 12 ...
		Accuracy was 75.8%
	Using feature set 1 2 3 4 6 7 8 10 12 ...
		Accuracy was 72.2%
	Using feature set 1 2 3 4 6 7 8 9 12 ...
		Accuracy was 76.2%
	Using feature set 1 2 3 4 6 7 8 9 10 ...
		Accuracy was 78.4%
Best feature set this batch: 1 2 3 6 7 8 9 10 12 with accuracy 78.4% instead of 78.4%
WARNING: accuracy has decreased. Continuing for completeness
	Using feature set 2 3 6 7 8 9 10 12 ...
		Accuracy was 79%
	Using feature set 1 3 6 7 8 9 10 12 ...
		Accuracy was 76.4%
	Using feature set 1 2 6 7 8 9 10 12 ...
		Accuracy was 79.8%
	Using feature set 1 2 3 7 8 9 10 12 ...
		Accuracy was 67.6%
	Using feature set 1 2 3 6 8 9 10 12 ...
		Accuracy was 78.2%
	Using feature set 1 2 3 6 7 9 10 12 ...
		Accuracy was 77.6%
	Using feature set 1 2 3 6 7 8 10 12 ...
		Accuracy was 72.2%
	Using feature set 1 2 3 6 7 8 9 12 ...
		Accuracy was 77.8%
	Using feature set 1 2 3 6 7 8 9 10 ...
		Accuracy was 79%
Best feature set so far: 1 2 6 7 8 9 10 12 with accuracy 79.8%
	Using feature set 2 6 7 8 9 10 12 ...
		Accuracy was 80.6%
	Using feature set 1 6 7 8 9 10 12 ...
		Accuracy was 80%
	Using feature set 1 2 7 8 9 10 12 ...
		Accuracy was 66.4%
	Using feature set 1 2 6 8 9 10 12 ...
		Accuracy was 81.8%
	Using feature set 1 2 6 7 9 10 12 ...
		Accuracy was 83%
	Using feature set 1 2 6 7 8 10 12 ...
		Accuracy was 73%
	Using feature set 1 2 6 7 8 9 12 ...
		Accuracy was 80%
	Using feature set 1 2 6 7 8 9 10 ...
		Accuracy was 80.4%
Best feature set so far: 1 2 6 7 9 10 12 with accuracy 83%
	Using feature set 2 6 7 9 10 12 ...
		Accuracy was 81.6%
	Using feature set 1 6 7 9 10 12 ...
		Accuracy was 81%
	Using feature set 1 2 7 9 10 12 ...
		Accuracy was 67.8%
	Using feature set 1 2 6 9 10 12 ...
		Accuracy was 83.8%
	Using feature set 1 2 6 7 10 12 ...
		Accuracy was 77%
	Using feature set 1 2 6 7 9 12 ...
		Accuracy was 85.4%
	Using feature set 1 2 6 7 9 10 ...
		Accuracy was 83.2%
Best feature set so far: 1 2 6 7 9 12 with accuracy 85.4%
	Using feature set 2 6 7 9 12 ...
		Accuracy was 84.4%
	Using feature set 1 6 7 9 12 ...
		Accuracy was 85.2%
	Using feature set 1 2 7 9 12 ...
		Accuracy was 72%
	Using feature set 1 2 6 9 12 ...
		Accuracy was 87.2%
	Using feature set 1 2 6 7 12 ...
		Accuracy was 77.6%
	Using feature set 1 2 6 7 9 ...
		Accuracy was 86.6%
Best feature set so far: 1 2 6 9 12 with accuracy 87.2%
	Using feature set 2 6 9 12 ...
		Accuracy was 87.4%
	Using feature set 1 6 9 12 ...
		Accuracy was 87.4%
	Using feature set 1 2 9 12 ...
		Accuracy was 68%
	Using feature set 1 2 6 12 ...
		Accuracy was 76.8%
	Using feature set 1 2 6 9 ...
		Accuracy was 90.2%
Best feature set so far: 1 2 6 9 with accuracy 90.2%
	Using feature set 2 6 9 ...
		Accuracy was 92.4%
	Using feature set 1 6 9 ...
		Accuracy was 91.4%
	Using feature set 1 2 9 ...
		Accuracy was 68.6%
	Using feature set 1 2 6 ...
		Accuracy was 80.2%
Best feature set so far: 2 6 9 with accuracy 92.4%
	Using feature set 6 9 ...
		Accuracy was 95%
	Using feature set 2 9 ...
		Accuracy was 71.6%
	Using feature set 2 6 ...
		Accuracy was 82.2%
Best feature set so far: 6 9 with accuracy 95%
	Using feature set 9 ...
		Accuracy was 74.2%
	Using feature set 6 ...
		Accuracy was 84%
Best feature set this batch: 6 with accuracy 84% instead of 95%
WARNING: accuracy has decreased. Continuing for completeness
	Using feature set ...
		Accuracy was 21.4%
Best feature set this batch: with accuracy 21.4% instead of 95%
WARNING: accuracy has decreased. Continuing for completeness
Final feature set: 6 9 with accuracy 95%
Took 269.344 milliseconds to run backward search
