Took 2.3735 milliseconds to read file
Took 7.92887 milliseconds to instantiate cache array of shape 500, 500, 12
Took 1.60575 milliseconds to fill cache file
Default rate: 0.81
	Using feature set 2 3 4 5 6 7 8 9 10 11 12 ...
		Accuracy was 76.6%
	Using feature set 1 3 4 5 6 7 8 9 10 11 12 ...
		Accuracy was 76.2%
	Using feature set 1 2 4 5 6 7 8 9 10 11 12 ...
		Accuracy was 74%
	Using feature set 1 2 3 5 6 7 8 9 10 11 12 ...
		Accuracy was 72.8%
	Using feature set 1 2 3 4 6 7 8 9 10 11 12 ...
		Accuracy was 74%
	Using feature set 1 2 3 4 5 7 8 9 10 11 12 ...
		Accuracy was 75%
	Using feature set 1 2 3 4 5 6 8 9 10 11 12 ...
		Accuracy was 74.6%
	Using feature set 1 2 3 4 5 6 7 9 10 11 12 ...
		Accuracy was 71.6%
	Using feature set 1 2 3 4 5 6 7 8 10 11 12 ...
		Accuracy was 75.6%
	Using feature set 1 2 3 4 5 6 7 8 9 11 12 ...
		Accuracy was 74.6%
	Using feature set 1 2 3 4 5 6 7 8 9 10 12 ...
		Accuracy was 75.2%
	Using feature set 1 2 3 4 5 6 7 8 9 10 11 ...
		Accuracy was 76.4%
Best feature set this batch: 2 3 4 5 6 7 8 9 10 11 12 with accuracy 76.6% instead of 81%
WARNING: accuracy has decreased. Continuing for completeness
	Using feature set 3 4 5 6 7 8 9 10 11 12 ...
		Accuracy was 76.4%
	Using feature set 2 4 5 6 7 8 9 10 11 12 ...
		Accuracy was 76.4%
	Using feature set 2 3 5 6 7 8 9 10 11 12 ...
		Accuracy was 74.8%
	Using feature set 2 3 4 6 7 8 9 10 11 12 ...
		Accuracy was 77.6%
	Using feature set 2 3 4 5 7 8 9 10 11 12 ...
		Accuracy was 76.4%
	Using feature set 2 3 4 5 6 8 9 10 11 12 ...
		Accuracy was 75%
	Using feature set 2 3 4 5 6 7 9 10 11 12 ...
		Accuracy was 73.2%
	Using feature set 2 3 4 5 6 7 8 10 11 12 ...
		Accuracy was 75.8%
	Using feature set 2 3 4 5 6 7 8 9 11 12 ...
		Accuracy was 75%
	Using feature set 2 3 4 5 6 7 8 9 10 12 ...
		Accuracy was 74.2%
	Using feature set 2 3 4 5 6 7 8 9 10 11 ...
		Accuracy was 75.4%
Best feature set this batch: 2 3 4 6 7 8 9 10 11 12 with accuracy 77.6% instead of 81%
WARNING: accuracy has decreased. Continuing for completeness
	Using feature set 3 4 6 7 8 9 10 11 12 ...
		Accuracy was 77.8%
	Using feature set 2 4 6 7 8 9 10 11 12 ...
		Accuracy was 78.8%
	Using feature set 2 3 6 7 8 9 10 11 12 ...
		Accuracy was 76.2%
	Using feature set 2 3 4 7 8 9 10 11 12 ...
		Accuracy was 76.8%
	Using feature set 2 3 4 6 8 9 10 11 12 ...
		Accuracy was 77.6%
	Using feature set 2 3 4 6 7 9 10 11 12 ...
		Accuracy was 73.6%
	Using feature set 2 3 4 6 7 8 10 11 12 ...
		Accuracy was 79.6%
	Using feature set 2 3 4 6 7 8 9 11 12 ...
		Accuracy was 76%
	Using feature set 2 3 4 6 7 8 9 10 12 ...
		Accuracy was 74.8%
	Using feature set 2 3 4 6 7 8 9 10 11 ...
		Accuracy was 78%
Best feature set this batch: 2 3 4 6 7 8 10 11 12 with accuracy 79.6% instead of 81%
WARNING: accuracy has decreased. Continuing for completeness
	Using feature set 3 4 6 7 8 10 11 12 ...
		Accuracy was 81.8%
	Using feature set 2 4 6 7 8 10 11 12 ...
		Accuracy was 80%
	Using feature set 2 3 6 7 8 10 11 12 ...
		Accuracy was 77.6%
	Using feature set 2 3 4 7 8 10 11 12 ...
		Accuracy was 79.6%
	Using feature set 2 3 4 6 8 10 11 12 ...
		Accuracy was 81%
	Using feature set 2 3 4 6 7 10 11 12 ...
		Accuracy was 74.2%
	Using feature set 2 3 4 6 7 8 11 12 ...
		Accuracy was 81%
	Using feature set 2 3 4 6 7 8 10 12 ...
		Accuracy was 78.6%
	Using feature set 2 3 4 6 7 8 10 11 ...
		Accuracy was 81.2%
Best feature set so far: 3 4 6 7 8 10 11 12 with accuracy 81.8%
	Using feature set 4 6 7 8 10 11 12 ...
		Accuracy was 81.4%
	Using feature set 3 6 7 8 10 11 12 ...
		Accuracy was 77.8%
	Using feature set 3 4 7 8 10 11 12 ...
		Accuracy was 83%
	Using feature set 3 4 6 8 10 11 12 ...
		Accuracy was 77.2%
	Using feature set 3 4 6 7 10 11 12 ...
		Accuracy was 74%
	Using feature set 3 4 6 7 8 11 12 ...
		Accuracy was 81.4%
	Using feature set 3 4 6 7 8 10 12 ...
		Accuracy was 80.6%
	Using feature set 3 4 6 7 8 10 11 ...
		Accuracy was 82.2%
Best feature set so far: 3 4 7 8 10 11 12 with accuracy 83%
	Using feature set 4 7 8 10 11 12 ...
		Accuracy was 81.6%
	Using feature set 3 7 8 10 11 12 ...
		Accuracy was 78.6%
	Using feature set 3 4 8 10 11 12 ...
		Accuracy was 82.6%
	Using feature set 3 4 7 10 11 12 ...
		Accuracy was 75.6%
	Using feature set 3 4 7 8 11 12 ...
		Accuracy was 83.8%
	Using feature set 3 4 7 8 10 12 ...
		Accuracy was 83.2%
	Using feature set 3 4 7 8 10 11 ...
		Accuracy was 85.4%
Best feature set so far: 3 4 7 8 10 11 with accuracy 85.4%
	Using feature set 4 7 8 10 11 ...
		Accuracy was 87.4%
	Using feature set 3 7 8 10 11 ...
		Accuracy was 79%
	Using feature set 3 4 8 10 11 ...
		Accuracy was 86%
	Using feature set 3 4 7 10 11 ...
		Accuracy was 74.8%
	Using feature set 3 4 7 8 11 ...
		Accuracy was 88.4%
	Using feature set 3 4 7 8 10 ...
		Accuracy was 86.2%
Best feature set so far: 3 4 7 8 11 with accuracy 88.4%
	Using feature set 4 7 8 11 ...
		Accuracy was 90.8%
	Using feature set 3 7 8 11 ...
		Accuracy was 80%
	Using feature set 3 4 8 11 ...
		Accuracy was 91%
	Using feature set 3 4 7 11 ...
		Accuracy was 77%
	Using feature set 3 4 7 8 ...
		Accuracy was 89.2%
Best feature set so far: 3 4 8 11 with accuracy 91%
	Using feature set 4 8 11 ...
		Accuracy was 93%
	Using feature set 3 8 11 ...
		Accuracy was 82%
	Using feature set 3 4 11 ...
		Accuracy was 70%
	Using feature set 3 4 8 ...
		Accuracy was 92.8%
Best feature set so far: 4 8 11 with accuracy 93%
	Using feature set 8 11 ...
		Accuracy was 81.8%
	Using feature set 4 11 ...
		Accuracy was 73.4%
	Using feature set 4 8 ...
		Accuracy was 94.6%
Best feature set so far: 4 8 with accuracy 94.6%
	Using feature set 8 ...
		Accuracy was 83.2%
	Using feature set 4 ...
		Accuracy was 73%
Best feature set this batch: 8 with accuracy 83.2% instead of 94.6%
WARNING: accuracy has decreased. Continuing for completeness
	Using feature set ...
		Accuracy was 80.8%
Best feature set this batch: with accuracy 80.8% instead of 94.6%
WARNING: accuracy has decreased. Continuing for completeness
Final feature set: 4 8 with accuracy 94.6%
Took 272.945 milliseconds to run backward search
